生成启动时间为 2019/6/18 19:50:57。
     1>项目“D:\MyProjects\SimulatedMouseClick\SimulatedMouseClick\SimulatedMouseClick.vcxproj”在节点 2 上(Build 个目标)。
     1>ClCompile:
         D:\software\Microsoft Visual Studio 12.0\VC\bin\CL.exe /c /ZI /nologo /W3 /WX- /Od /Oy- /D WIN32 /D _WINDOWS /D _DEBUG /D _UNICODE /D UNICODE /Gm /EHsc /RTC1 /MTd /GS /fp:precise /Zc:wchar_t /Zc:forScope /Yc"stdafx.h" /Fp"Debug\SimulatedMouseClick.pch" /Fo"Debug\\" /Fd"Debug\vc120.pdb" /Gd /TP /analyze- /errorReport:prompt stdafx.cpp
         stdafx.cpp
         D:\software\Microsoft Visual Studio 12.0\VC\bin\CL.exe /c /ZI /nologo /W3 /WX- /Od /Oy- /D WIN32 /D _WINDOWS /D _DEBUG /D _UNICODE /D UNICODE /Gm /EHsc /RTC1 /MTd /GS /fp:precise /Zc:wchar_t /Zc:forScope /Yu"stdafx.h" /Fp"Debug\SimulatedMouseClick.pch" /Fo"Debug\\" /Fd"Debug\vc120.pdb" /Gd /TP /analyze- /errorReport:prompt SimulatedMouseClick.cpp SimulatedMouseClickDlg.cpp
         SimulatedMouseClickDlg.cpp
         SimulatedMouseClick.cpp
         正在生成代码...
       ResourceCompile:
         C:\Program Files (x86)\Windows Kits\8.1\bin\x86\rc.exe /D _DEBUG /D _UNICODE /D UNICODE /l"0x0804" /IDebug\ /nologo /fo"Debug\SimulatedMouseClick.res" SimulatedMouseClick.rc 
       Link:
         D:\software\Microsoft Visual Studio 12.0\VC\bin\link.exe /ERRORREPORT:PROMPT /OUT:"D:\MyProjects\SimulatedMouseClick\Debug\SimulatedMouseClick.exe" /INCREMENTAL /NOLOGO /MANIFEST /MANIFESTUAC:"level='asInvoker' uiAccess='false'" /manifest:embed /manifestinput:"D:\software\Microsoft Visual Studio 12.0\VC\Include\Manifest\dpiaware.manifest" /DEBUG /PDB:"D:\MyProjects\SimulatedMouseClick\Debug\SimulatedMouseClick.pdb" /SUBSYSTEM:WINDOWS /TLBID:1 /ENTRY:"wWinMainCRTStartup" /DYNAMICBASE /NXCOMPAT /IMPLIB:"D:\MyProjects\SimulatedMouseClick\Debug\SimulatedMouseClick.lib" /MACHINE:X86 Debug\SimulatedMouseClick.res
         Debug\SimulatedMouseClick.obj
         Debug\SimulatedMouseClickDlg.obj
         Debug\stdafx.obj
         SimulatedMouseClick.vcxproj -> D:\MyProjects\SimulatedMouseClick\Debug\SimulatedMouseClick.exe
     1>已完成生成项目“D:\MyProjects\SimulatedMouseClick\SimulatedMouseClick\SimulatedMouseClick.vcxproj”(Build 个目标)的操作。

生成成功。

已用时间 00:00:22.56
